{"name": "test_bat", "status": "failed", "statusDetails": {"message": "AssertionError: assert 1 == 2\n  +1\n  -2", "trace": "conf_fixture = None\n\n    @pytest.mark.run(order=2)\n    def test_bat(conf_fixture):\n        print(\"sdsdfdsdfsdfsdfdfdfg\")\n>       assert 1==2\nE       assert 1 == 2\nE         +1\nE         -2\n\ntest3\\test_b.py:7: AssertionError"}, "start": 1637070236351, "stop": 1637070236351, "uuid": "1b1ef9c9-85ab-42e9-bb17-a06c873f2701", "historyId": "94c14227230a924105d729d13791ced9", "testCaseId": "832bb101729f058579fbbc014e33222e", "fullName": "test3.test_b#test_bat", "labels": [{"name": "tag", "value": "run(order=2)"}, {"name": "parentSuite", "value": "test3"}, {"name": "suite", "value": "test_b"}, {"name": "host", "value": "CYHD-L-0025"}, {"name": "thread", "value": "1924-MainThread"}, {"name": "framework", "value": "pytest"}, {"name": "language", "value": "cpython3"}, {"name": "package", "value": "test3.test_b"}]}