{"name": "test_islen1[4-5-6]", "status": "failed", "statusDetails": {"message": "AssertionError: assert 9 == 6\n  +9\n  -6", "trace": "a = 4, b = 5, c = 6\n\n    @pytest.mark.parametrize(\"a,b,c\",a)\n    def test_islen1(a,b,c):\n        d=a+b\n>       assert d==c\nE       assert 9 == 6\nE         +9\nE         -6\n\ntest3\\test_markparams.py:6: AssertionError"}, "parameters": [{"name": "a", "value": "4"}, {"name": "b", "value": "5"}, {"name": "c", "value": "6"}], "start": 1637673492501, "stop": 1637673492502, "uuid": "3750ab66-cad7-449a-a334-e0d41a46d8af", "historyId": "788e557a301b95d4206e835b8a0d7c8d", "testCaseId": "f107e537fa7934eaaf8133babffa460e", "fullName": "test3.test_markparams#test_islen1", "labels": [{"name": "parentSuite", "value": "test3"}, {"name": "suite", "value": "test_markparams"}, {"name": "host", "value": "CYHD-L-0025"}, {"name": "thread", "value": "19532-MainThread"}, {"name": "framework", "value": "pytest"}, {"name": "language", "value": "cpython3"}, {"name": "package", "value": "test3.test_markparams"}]}