{"name": "test_islen1[bc]", "status": "failed", "statusDetails": {"message": "AssertionError: assert 2 == 1\n  +2\n  -1", "trace": "name = 'bc'\n\n    @pytest.mark.parametrize(\"name\",[\"a\",\"bc\"])\n    def test_islen1(name):\n>       assert len(name)==1\nE       assert 2 == 1\nE         +2\nE         -1\n\ntest3\\test_markparams.py:5: AssertionError"}, "parameters": [{"name": "name", "value": "'bc'"}], "start": 1637329016893, "stop": 1637329016894, "uuid": "b22a5bc5-214c-4f4c-ad9b-28fb0b84cd6e", "historyId": "31ab7d4e54caa94be27552ef2024c47f", "testCaseId": "f107e537fa7934eaaf8133babffa460e", "fullName": "test3.test_markparams#test_islen1", "labels": [{"name": "parentSuite", "value": "test3"}, {"name": "suite", "value": "test_markparams"}, {"name": "host", "value": "CYHD-L-0025"}, {"name": "thread", "value": "12732-MainThread"}, {"name": "framework", "value": "pytest"}, {"name": "language", "value": "cpython3"}, {"name": "package", "value": "test3.test_markparams"}]}