{
  "uid" : "aef7a0378bc45a7",
  "name" : "test_fas",
  "fullName" : "test3.test_f#test_fas",
  "historyId" : "624735fd7bd3ee37923314f587439c7e",
  "time" : {
    "start" : 1637070236599,
    "stop" : 1637070236599,
    "duration" : 0
  },
  "status" : "failed",
  "statusMessage" : "AssertionError: assert 4 == 2\n  +4\n  -2",
  "statusTrace" : "def test_fas():\n>       assert 4==2\nE       assert 4 == 2\nE         +4\nE         -2\n\ntest3\\test_f.py:5: AssertionError",
  "flaky" : false,
  "newFailed" : false,
  "newBroken" : false,
  "newPassed" : false,
  "retriesCount" : 0,
  "retriesStatusChange" : false,
  "beforeStages" : [ ],
  "afterStages" : [ ],
  "labels" : [ {
    "name" : "parentSuite",
    "value" : "test3"
  }, {
    "name" : "suite",
    "value" : "test_f"
  }, {
    "name" : "host",
    "value" : "CYHD-L-0025"
  }, {
    "name" : "thread",
    "value" : "1924-MainThread"
  }, {
    "name" : "framework",
    "value" : "pytest"
  }, {
    "name" : "language",
    "value" : "cpython3"
  }, {
    "name" : "package",
    "value" : "test3.test_f"
  }, {
    "name" : "resultFormat",
    "value" : "allure2"
  } ],
  "parameters" : [ ],
  "links" : [ ],
  "hidden" : true,
  "retry" : true,
  "extra" : {
    "categories" : [ ],
    "tags" : [ ]
  },
  "source" : "aef7a0378bc45a7.json",
  "parameterValues" : [ ]
}